

*******************************************************************************
Fri Jan 12 13:00:54 2024


FIT:    data read from 'tempstri.dat' u 1:2
        format = x:z
        #datapoints = 799
        residuals are weighted equally (unit weight)

function used for fitting: f(x)
	f(x) = a * x * log(x)
fitted parameters initialized with current variable values

iter      chisq       delta/lim  lambda   a            
   0 6.8891479623e+09   0.00e+00  2.94e+03    1.000000e+00
   4 5.1733579778e-07  -5.10e-09  2.94e-01    5.672703e-08

After 4 iterations the fit converged.
final sum of squares of residuals : 5.17336e-07
rel. change during last iteration : -5.09609e-14

degrees of freedom    (FIT_NDF)                        : 798
rms of residuals      (FIT_STDFIT) = sqrt(WSSR/ndf)    : 2.54615e-05
variance of residuals (reduced chisquare) = WSSR/ndf   : 6.4829e-10

Final set of parameters            Asymptotic Standard Error
=======================            ==========================
a               = 5.6727e-08       +/- 3.068e-10    (0.5408%)


*******************************************************************************
Fri Jan 12 13:00:54 2024


FIT:    data read from 'tempstri.dat' u 1:3
        format = x:z
        #datapoints = 799
        residuals are weighted equally (unit weight)

function used for fitting: g(x)
	g(x) = b * x * log(x)
fitted parameters initialized with current variable values

iter      chisq       delta/lim  lambda   b            
   0 6.8885939605e+09   0.00e+00  2.94e+03    1.000000e+00
   3 4.6152737194e-01  -3.65e-01  2.94e+00    4.026586e-05

After 3 iterations the fit converged.
final sum of squares of residuals : 0.461527
rel. change during last iteration : -3.65299e-06

degrees of freedom    (FIT_NDF)                        : 798
rms of residuals      (FIT_STDFIT) = sqrt(WSSR/ndf)    : 0.024049
variance of residuals (reduced chisquare) = WSSR/ndf   : 0.000578355

Final set of parameters            Asymptotic Standard Error
=======================            ==========================
b               = 4.02659e-05      +/- 2.897e-07    (0.7196%)


*******************************************************************************
Fri Jan 12 13:00:54 2024


FIT:    data read from 'tempstri.dat' u 1:4
        format = x:z
        #datapoints = 799
        residuals are weighted equally (unit weight)

function used for fitting: s(x)
	s(x) = e * x * log(x)
fitted parameters initialized with current variable values

iter      chisq       delta/lim  lambda   e            
   0 6.8891481182e+09   0.00e+00  2.94e+03    1.000000e+00
   4 5.7023931224e-07  -4.62e-09  2.94e-01    4.540791e-08

After 4 iterations the fit converged.
final sum of squares of residuals : 5.70239e-07
rel. change during last iteration : -4.6233e-14

degrees of freedom    (FIT_NDF)                        : 798
rms of residuals      (FIT_STDFIT) = sqrt(WSSR/ndf)    : 2.67317e-05
variance of residuals (reduced chisquare) = WSSR/ndf   : 7.14586e-10

Final set of parameters            Asymptotic Standard Error
=======================            ==========================
e               = 4.54079e-08      +/- 3.221e-10    (0.7093%)


*******************************************************************************
Fri Jan 12 13:12:39 2024


FIT:    data read from 'tempstri.dat' u 1:2
        format = x:z
        #datapoints = 799
        residuals are weighted equally (unit weight)

function used for fitting: f(x)
	f(x) = a * x * log(x)
fitted parameters initialized with current variable values

iter      chisq       delta/lim  lambda   a            
   0 6.8891480250e+09   0.00e+00  2.94e+03    1.000000e+00
   4 3.4593377293e-07  -7.62e-09  2.94e-01    5.217790e-08

After 4 iterations the fit converged.
final sum of squares of residuals : 3.45934e-07
rel. change during last iteration : -7.62108e-14

degrees of freedom    (FIT_NDF)                        : 798
rms of residuals      (FIT_STDFIT) = sqrt(WSSR/ndf)    : 2.08207e-05
variance of residuals (reduced chisquare) = WSSR/ndf   : 4.33501e-10

Final set of parameters            Asymptotic Standard Error
=======================            ==========================
a               = 5.21779e-08      +/- 2.508e-10    (0.4808%)


*******************************************************************************
Fri Jan 12 13:12:39 2024


FIT:    data read from 'tempstri.dat' u 1:3
        format = x:z
        #datapoints = 799
        residuals are weighted equally (unit weight)

function used for fitting: g(x)
	g(x) = b * x * log(x)
fitted parameters initialized with current variable values

iter      chisq       delta/lim  lambda   b            
   0 6.8891253157e+09   0.00e+00  2.94e+03    1.000000e+00
   4 7.7603045264e-04  -1.40e-11  2.94e-01    1.700372e-06

After 4 iterations the fit converged.
final sum of squares of residuals : 0.00077603
rel. change during last iteration : -1.39711e-16

degrees of freedom    (FIT_NDF)                        : 798
rms of residuals      (FIT_STDFIT) = sqrt(WSSR/ndf)    : 0.000986139
variance of residuals (reduced chisquare) = WSSR/ndf   : 9.72469e-07

Final set of parameters            Asymptotic Standard Error
=======================            ==========================
b               = 1.70037e-06      +/- 1.188e-08    (0.6987%)


*******************************************************************************
Fri Jan 12 13:12:39 2024


FIT:    data read from 'tempstri.dat' u 1:4
        format = x:z
        #datapoints = 799
        residuals are weighted equally (unit weight)

function used for fitting: s(x)
	s(x) = e * x * log(x)
fitted parameters initialized with current variable values

iter      chisq       delta/lim  lambda   e            
   0 6.8891482376e+09   0.00e+00  2.94e+03    1.000000e+00
   4 1.0546181121e-07  -2.50e-08  2.94e-01    3.674608e-08

After 4 iterations the fit converged.
final sum of squares of residuals : 1.05462e-07
rel. change during last iteration : -2.50487e-13

degrees of freedom    (FIT_NDF)                        : 798
rms of residuals      (FIT_STDFIT) = sqrt(WSSR/ndf)    : 1.1496e-05
variance of residuals (reduced chisquare) = WSSR/ndf   : 1.32158e-10

Final set of parameters            Asymptotic Standard Error
=======================            ==========================
e               = 3.67461e-08      +/- 1.385e-10    (0.3769%)


*******************************************************************************
Fri Jan 12 13:13:46 2024


FIT:    data read from 'tempstri.dat' u 1:2
        format = x:z
        #datapoints = 799
        residuals are weighted equally (unit weight)

function used for fitting: f(x)
	f(x) = a * x * log(x)
fitted parameters initialized with current variable values

iter      chisq       delta/lim  lambda   a            
   0 6.8891479882e+09   0.00e+00  2.94e+03    1.000000e+00
   4 1.9053642509e-07  -1.39e-08  2.94e-01    5.484459e-08

After 4 iterations the fit converged.
final sum of squares of residuals : 1.90536e-07
rel. change during last iteration : -1.38645e-13

degrees of freedom    (FIT_NDF)                        : 798
rms of residuals      (FIT_STDFIT) = sqrt(WSSR/ndf)    : 1.54521e-05
variance of residuals (reduced chisquare) = WSSR/ndf   : 2.38767e-10

Final set of parameters            Asymptotic Standard Error
=======================            ==========================
a               = 5.48446e-08      +/- 1.862e-10    (0.3394%)


*******************************************************************************
Fri Jan 12 13:13:46 2024


FIT:    data read from 'tempstri.dat' u 1:3
        format = x:z
        #datapoints = 799
        residuals are weighted equally (unit weight)

function used for fitting: g(x)
	g(x) = b * x * log(x)
fitted parameters initialized with current variable values

iter      chisq       delta/lim  lambda   b            
   0 6.8891487439e+09   0.00e+00  2.94e+03    1.000000e+00
3234 1.0008927134e-62  -2.00e+02  2.94e-21    1.205344e-36

The fit was stopped by the user after 3234 iterations.
final sum of squares of residuals : 1.00089e-62
abs. change during last iteration : -2.00279e-65


Hmmmm.... Sum of squared residuals is zero. Can't compute errors.

Final set of parameters 
======================= 

b               = 1.20534e-36    


*******************************************************************************
Fri Jan 12 13:14:22 2024


FIT:    data read from 'tempstri.dat' u 1:4
        format = x:z
        #datapoints = 799
        residuals are weighted equally (unit weight)

function used for fitting: s(x)
	s(x) = e * x * log(x)
fitted parameters initialized with current variable values

iter      chisq       delta/lim  lambda   e            
   0 6.8891481901e+09   0.00e+00  2.94e+03    1.000000e+00
iter      chisq       delta/lim  lambda   e            
   0 6.8891481901e+09  -1.45e+25  2.94e+03    1.000000e+00

The fit was stopped by the user after 0 iterations.
final sum of squares of residuals : 6.88915e+09
rel. change during last iteration : -1.45156e+20

degrees of freedom    (FIT_NDF)                        : 798
rms of residuals      (FIT_STDFIT) = sqrt(WSSR/ndf)    : 2938.2
variance of residuals (reduced chisquare) = WSSR/ndf   : 8.63302e+06

Final set of parameters            Asymptotic Standard Error
=======================            ==========================
e               = 1                +/- 0.0354       (3.54%)


*******************************************************************************
Fri Jan 12 13:14:31 2024


FIT:    data read from 'tempstri.dat' u 1:2
        format = x:z
        #datapoints = 799
        residuals are weighted equally (unit weight)

function used for fitting: f(x)
	f(x) = a * x * log(x)
fitted parameters initialized with current variable values

iter      chisq       delta/lim  lambda   a            
   0 6.8891479748e+09   0.00e+00  2.94e+03    1.000000e+00
   4 2.3187769342e-07  -1.14e-08  2.94e-01    5.581752e-08

After 4 iterations the fit converged.
final sum of squares of residuals : 2.31878e-07
rel. change during last iteration : -1.13926e-13

degrees of freedom    (FIT_NDF)                        : 798
rms of residuals      (FIT_STDFIT) = sqrt(WSSR/ndf)    : 1.70462e-05
variance of residuals (reduced chisquare) = WSSR/ndf   : 2.90574e-10

Final set of parameters            Asymptotic Standard Error
=======================            ==========================
a               = 5.58175e-08      +/- 2.054e-10    (0.3679%)


*******************************************************************************
Fri Jan 12 13:14:31 2024


FIT:    data read from 'tempstri.dat' u 1:3
        format = x:z
        #datapoints = 799
        residuals are weighted equally (unit weight)

function used for fitting: g(x)
	g(x) = b * x * log(x)
fitted parameters initialized with current variable values

iter      chisq       delta/lim  lambda   b            
   0 6.8891487439e+09   0.00e+00  2.94e+03    1.000000e+00
1612 2.5617640110e-61  -2.00e+02  2.94e-21    6.097991e-36

The fit was stopped by the user after 1612 iterations.
final sum of squares of residuals : 2.56176e-61
abs. change during last iteration : -5.12612e-64


Hmmmm.... Sum of squared residuals is zero. Can't compute errors.

Final set of parameters 
======================= 

b               = 6.09799e-36    


*******************************************************************************
Fri Jan 12 13:14:42 2024


FIT:    data read from 'tempstri.dat' u 1:4
        format = x:z
        #datapoints = 799
        residuals are weighted equally (unit weight)

function used for fitting: s(x)
	s(x) = e * x * log(x)
fitted parameters initialized with current variable values

iter      chisq       delta/lim  lambda   e            
   0 6.8891481760e+09   0.00e+00  2.94e+03    1.000000e+00
   4 7.5985740969e-07  -3.47e-09  2.94e-01    4.121279e-08

After 4 iterations the fit converged.
final sum of squares of residuals : 7.59857e-07
rel. change during last iteration : -3.46959e-14

degrees of freedom    (FIT_NDF)                        : 798
rms of residuals      (FIT_STDFIT) = sqrt(WSSR/ndf)    : 3.08578e-05
variance of residuals (reduced chisquare) = WSSR/ndf   : 9.52202e-10

Final set of parameters            Asymptotic Standard Error
=======================            ==========================
e               = 4.12128e-08      +/- 3.718e-10    (0.9021%)


*******************************************************************************
Fri Jan 12 13:14:53 2024


FIT:    data read from 'tempstri.dat' u 1:2
        format = x:z
        #datapoints = 799
        residuals are weighted equally (unit weight)

function used for fitting: f(x)
	f(x) = a * x * log(x)
fitted parameters initialized with current variable values

iter      chisq       delta/lim  lambda   a            
   0 6.8891479730e+09   0.00e+00  2.94e+03    1.000000e+00
   4 9.5873026278e-07  -2.76e-09  2.94e-01    5.595178e-08

After 4 iterations the fit converged.
final sum of squares of residuals : 9.5873e-07
rel. change during last iteration : -2.76092e-14

degrees of freedom    (FIT_NDF)                        : 798
rms of residuals      (FIT_STDFIT) = sqrt(WSSR/ndf)    : 3.46615e-05
variance of residuals (reduced chisquare) = WSSR/ndf   : 1.20142e-09

Final set of parameters            Asymptotic Standard Error
=======================            ==========================
a               = 5.59518e-08      +/- 4.176e-10    (0.7464%)


*******************************************************************************
Fri Jan 12 13:14:53 2024


FIT:    data read from 'tempstri.dat' u 1:3
        format = x:z
        #datapoints = 799
        residuals are weighted equally (unit weight)

function used for fitting: g(x)
	g(x) = b * x * log(x)
fitted parameters initialized with current variable values

iter      chisq       delta/lim  lambda   b            
   0 6.8891487439e+09   0.00e+00  2.94e+03    1.000000e+00
2406 5.2386716863e-62  -2.00e+02  2.94e-21    2.757578e-36

The fit was stopped by the user after 2406 iterations.
final sum of squares of residuals : 5.23867e-62
abs. change during last iteration : -1.04826e-64


Hmmmm.... Sum of squared residuals is zero. Can't compute errors.

Final set of parameters 
======================= 

b               = 2.75758e-36    


*******************************************************************************
Fri Jan 12 13:15:03 2024


FIT:    data read from 'tempstri.dat' u 1:4
        format = x:z
        #datapoints = 799
        residuals are weighted equally (unit weight)

function used for fitting: s(x)
	s(x) = e * x * log(x)
fitted parameters initialized with current variable values

iter      chisq       delta/lim  lambda   e            
   0 6.8891481871e+09   0.00e+00  2.94e+03    1.000000e+00
   4 4.6298605604e-07  -5.71e-09  2.94e-01    4.040963e-08

After 4 iterations the fit converged.
final sum of squares of residuals : 4.62986e-07
rel. change during last iteration : -5.70575e-14

degrees of freedom    (FIT_NDF)                        : 798
rms of residuals      (FIT_STDFIT) = sqrt(WSSR/ndf)    : 2.4087e-05
variance of residuals (reduced chisquare) = WSSR/ndf   : 5.80183e-10

Final set of parameters            Asymptotic Standard Error
=======================            ==========================
e               = 4.04096e-08      +/- 2.902e-10    (0.7181%)


*******************************************************************************
Fri Jan 12 13:16:35 2024


FIT:    data read from 'tempstri.dat' u 1:2
        format = x:z
        #datapoints = 799
        residuals are weighted equally (unit weight)

function used for fitting: f(x)
	f(x) = a * x * log(x)
fitted parameters initialized with current variable values

iter      chisq       delta/lim  lambda   a            
   0 6.8891480101e+09   0.00e+00  2.94e+03    1.000000e+00
   4 4.8639793003e-06  -5.57e-10  2.94e-01    5.325923e-08

After 4 iterations the fit converged.
final sum of squares of residuals : 4.86398e-06
rel. change during last iteration : -5.57261e-15

degrees of freedom    (FIT_NDF)                        : 798
rms of residuals      (FIT_STDFIT) = sqrt(WSSR/ndf)    : 7.80718e-05
variance of residuals (reduced chisquare) = WSSR/ndf   : 6.09521e-09

Final set of parameters            Asymptotic Standard Error
=======================            ==========================
a               = 5.32592e-08      +/- 9.406e-10    (1.766%)


*******************************************************************************
Fri Jan 12 13:16:35 2024


FIT:    data read from 'tempstri.dat' u 1:3
        format = x:z
        #datapoints = 799
        residuals are weighted equally (unit weight)

function used for fitting: g(x)
	g(x) = b * x * log(x)
fitted parameters initialized with current variable values

iter      chisq       delta/lim  lambda   b            
   0 6.8891252115e+09   0.00e+00  2.94e+03    1.000000e+00
   4 7.9802461110e-04  -1.36e-11  2.94e-01    1.707932e-06

After 4 iterations the fit converged.
final sum of squares of residuals : 0.000798025
rel. change during last iteration : -1.35861e-16

degrees of freedom    (FIT_NDF)                        : 798
rms of residuals      (FIT_STDFIT) = sqrt(WSSR/ndf)    : 0.00100002
variance of residuals (reduced chisquare) = WSSR/ndf   : 1.00003e-06

Final set of parameters            Asymptotic Standard Error
=======================            ==========================
b               = 1.70793e-06      +/- 1.205e-08    (0.7054%)


*******************************************************************************
Fri Jan 12 13:16:35 2024


FIT:    data read from 'tempstri.dat' u 1:4
        format = x:z
        #datapoints = 799
        residuals are weighted equally (unit weight)

function used for fitting: s(x)
	s(x) = e * x * log(x)
fitted parameters initialized with current variable values

iter      chisq       delta/lim  lambda   e            
   0 6.8891482367e+09   0.00e+00  2.94e+03    1.000000e+00
   4 1.3948036611e-07  -1.89e-08  2.94e-01    3.680731e-08

After 4 iterations the fit converged.
final sum of squares of residuals : 1.3948e-07
rel. change during last iteration : -1.89205e-13

degrees of freedom    (FIT_NDF)                        : 798
rms of residuals      (FIT_STDFIT) = sqrt(WSSR/ndf)    : 1.32207e-05
variance of residuals (reduced chisquare) = WSSR/ndf   : 1.74787e-10

Final set of parameters            Asymptotic Standard Error
=======================            ==========================
e               = 3.68073e-08      +/- 1.593e-10    (0.4328%)


*******************************************************************************
Fri Jan 12 16:57:36 2024


FIT:    data read from 'tempstri.dat' u 1:2
        format = x:z
        #datapoints = 799
        residuals are weighted equally (unit weight)

function used for fitting: f(x)
	f(x) = a * x * log(x)
fitted parameters initialized with current variable values

iter      chisq       delta/lim  lambda   a            
   0 6.8891480031e+09   0.00e+00  2.94e+03    1.000000e+00
   4 2.7983844283e-07  -9.44e-09  2.94e-01    5.376275e-08

After 4 iterations the fit converged.
final sum of squares of residuals : 2.79838e-07
rel. change during last iteration : -9.44003e-14

degrees of freedom    (FIT_NDF)                        : 798
rms of residuals      (FIT_STDFIT) = sqrt(WSSR/ndf)    : 1.87263e-05
variance of residuals (reduced chisquare) = WSSR/ndf   : 3.50675e-10

Final set of parameters            Asymptotic Standard Error
=======================            ==========================
a               = 5.37627e-08      +/- 2.256e-10    (0.4197%)


*******************************************************************************
Fri Jan 12 16:57:36 2024


FIT:    data read from 'tempstri.dat' u 1:3
        format = x:z
        #datapoints = 799
        residuals are weighted equally (unit weight)

function used for fitting: g(x)
	g(x) = b * x * log(x)
fitted parameters initialized with current variable values

iter      chisq       delta/lim  lambda   b            
   0 6.8891481801e+09   0.00e+00  2.94e+03    1.000000e+00
   4 3.1030237540e-07  -8.51e-09  2.94e-01    4.091518e-08

After 4 iterations the fit converged.
final sum of squares of residuals : 3.10302e-07
rel. change during last iteration : -8.51326e-14

degrees of freedom    (FIT_NDF)                        : 798
rms of residuals      (FIT_STDFIT) = sqrt(WSSR/ndf)    : 1.97193e-05
variance of residuals (reduced chisquare) = WSSR/ndf   : 3.8885e-10

Final set of parameters            Asymptotic Standard Error
=======================            ==========================
b               = 4.09152e-08      +/- 2.376e-10    (0.5807%)


*******************************************************************************
Fri Jan 12 16:57:36 2024


FIT:    data read from 'tempstri.dat' u 1:4
        format = x:z
        #datapoints = 799
        residuals are weighted equally (unit weight)

function used for fitting: s(x)
	s(x) = e * x * log(x)
fitted parameters initialized with current variable values

iter      chisq       delta/lim  lambda   e            
   0 6.8891481969e+09   0.00e+00  2.94e+03    1.000000e+00
   4 7.7892007285e-07  -3.38e-09  2.94e-01    3.970028e-08

After 4 iterations the fit converged.
final sum of squares of residuals : 7.7892e-07
rel. change during last iteration : -3.38467e-14

degrees of freedom    (FIT_NDF)                        : 798
rms of residuals      (FIT_STDFIT) = sqrt(WSSR/ndf)    : 3.12424e-05
variance of residuals (reduced chisquare) = WSSR/ndf   : 9.7609e-10

Final set of parameters            Asymptotic Standard Error
=======================            ==========================
e               = 3.97003e-08      +/- 3.764e-10    (0.9481%)


*******************************************************************************
Fri Jan 12 16:58:55 2024


FIT:    data read from 'tempstri.dat' u 1:2
        format = x:z
        #datapoints = 799
        residuals are weighted equally (unit weight)

function used for fitting: f(x)
	f(x) = a * x * log(x)
fitted parameters initialized with current variable values

iter      chisq       delta/lim  lambda   a            
   0 6.8891480038e+09   0.00e+00  2.94e+03    1.000000e+00
   4 2.8332533781e-07  -9.32e-09  2.94e-01    5.371500e-08

After 4 iterations the fit converged.
final sum of squares of residuals : 2.83325e-07
rel. change during last iteration : -9.32385e-14

degrees of freedom    (FIT_NDF)                        : 798
rms of residuals      (FIT_STDFIT) = sqrt(WSSR/ndf)    : 1.88426e-05
variance of residuals (reduced chisquare) = WSSR/ndf   : 3.55044e-10

Final set of parameters            Asymptotic Standard Error
=======================            ==========================
a               = 5.3715e-08       +/- 2.27e-10     (0.4226%)


*******************************************************************************
Fri Jan 12 16:58:55 2024


FIT:    data read from 'tempstri.dat' u 1:3
        format = x:z
        #datapoints = 799
        residuals are weighted equally (unit weight)

function used for fitting: g(x)
	g(x) = b * x * log(x)
fitted parameters initialized with current variable values

iter      chisq       delta/lim  lambda   b            
   0 6.8891481833e+09   0.00e+00  2.94e+03    1.000000e+00
   4 2.6725621519e-07  -9.88e-09  2.94e-01    4.068701e-08

After 4 iterations the fit converged.
final sum of squares of residuals : 2.67256e-07
rel. change during last iteration : -9.88446e-14

degrees of freedom    (FIT_NDF)                        : 798
rms of residuals      (FIT_STDFIT) = sqrt(WSSR/ndf)    : 1.83005e-05
variance of residuals (reduced chisquare) = WSSR/ndf   : 3.34908e-10

Final set of parameters            Asymptotic Standard Error
=======================            ==========================
b               = 4.0687e-08       +/- 2.205e-10    (0.5419%)


*******************************************************************************
Fri Jan 12 16:58:55 2024


FIT:    data read from 'tempstri.dat' u 1:4
        format = x:z
        #datapoints = 799
        residuals are weighted equally (unit weight)

function used for fitting: s(x)
	s(x) = e * x * log(x)
fitted parameters initialized with current variable values

iter      chisq       delta/lim  lambda   e            
   0 6.8891482003e+09   0.00e+00  2.94e+03    1.000000e+00
   4 5.0901932512e-07  -5.18e-09  2.94e-01    3.945007e-08

After 4 iterations the fit converged.
final sum of squares of residuals : 5.09019e-07
rel. change during last iteration : -5.17935e-14

degrees of freedom    (FIT_NDF)                        : 798
rms of residuals      (FIT_STDFIT) = sqrt(WSSR/ndf)    : 2.52561e-05
variance of residuals (reduced chisquare) = WSSR/ndf   : 6.37869e-10

Final set of parameters            Asymptotic Standard Error
=======================            ==========================
e               = 3.94501e-08      +/- 3.043e-10    (0.7713%)


*******************************************************************************
Fri Jan 12 17:01:11 2024


FIT:    data read from 'tempstri.dat' u 1:2
        format = x:z
        #datapoints = 799
        residuals are weighted equally (unit weight)

function used for fitting: f(x)
	f(x) = a * x * log(x)
fitted parameters initialized with current variable values

iter      chisq       delta/lim  lambda   a            
   0 6.8891479841e+09   0.00e+00  2.94e+03    1.000000e+00
   4 1.0693082823e-05  -2.22e-10  2.94e-01    5.514336e-08

After 4 iterations the fit converged.
final sum of squares of residuals : 1.06931e-05
rel. change during last iteration : -2.21797e-15

degrees of freedom    (FIT_NDF)                        : 798
rms of residuals      (FIT_STDFIT) = sqrt(WSSR/ndf)    : 0.000115758
variance of residuals (reduced chisquare) = WSSR/ndf   : 1.33999e-08

Final set of parameters            Asymptotic Standard Error
=======================            ==========================
a               = 5.51434e-08      +/- 1.395e-09    (2.529%)


*******************************************************************************
Fri Jan 12 17:01:11 2024


FIT:    data read from 'tempstri.dat' u 1:3
        format = x:z
        #datapoints = 799
        residuals are weighted equally (unit weight)

function used for fitting: g(x)
	g(x) = b * x * log(x)
fitted parameters initialized with current variable values

iter      chisq       delta/lim  lambda   b            
   0 6.8891481766e+09   0.00e+00  2.94e+03    1.000000e+00
   4 4.5950419863e-07  -5.74e-09  2.94e-01    4.117489e-08

After 4 iterations the fit converged.
final sum of squares of residuals : 4.59504e-07
rel. change during last iteration : -5.73747e-14

degrees of freedom    (FIT_NDF)                        : 798
rms of residuals      (FIT_STDFIT) = sqrt(WSSR/ndf)    : 2.39962e-05
variance of residuals (reduced chisquare) = WSSR/ndf   : 5.7582e-10

Final set of parameters            Asymptotic Standard Error
=======================            ==========================
b               = 4.11749e-08      +/- 2.891e-10    (0.7021%)


*******************************************************************************
Fri Jan 12 17:01:11 2024


FIT:    data read from 'tempstri.dat' u 1:4
        format = x:z
        #datapoints = 799
        residuals are weighted equally (unit weight)

function used for fitting: s(x)
	s(x) = e * x * log(x)
fitted parameters initialized with current variable values

iter      chisq       delta/lim  lambda   e            
   0 6.8891481988e+09   0.00e+00  2.94e+03    1.000000e+00
   4 8.3158624788e-07  -3.17e-09  2.94e-01    3.956155e-08

After 4 iterations the fit converged.
final sum of squares of residuals : 8.31586e-07
rel. change during last iteration : -3.17031e-14

degrees of freedom    (FIT_NDF)                        : 798
rms of residuals      (FIT_STDFIT) = sqrt(WSSR/ndf)    : 3.22814e-05
variance of residuals (reduced chisquare) = WSSR/ndf   : 1.04209e-09

Final set of parameters            Asymptotic Standard Error
=======================            ==========================
e               = 3.95615e-08      +/- 3.889e-10    (0.9831%)


*******************************************************************************
Fri Jan 12 17:01:24 2024


FIT:    data read from 'tempstri.dat' u 1:2
        format = x:z
        #datapoints = 799
        residuals are weighted equally (unit weight)

function used for fitting: f(x)
	f(x) = a * x * log(x)
fitted parameters initialized with current variable values

iter      chisq       delta/lim  lambda   a            
   0 6.8891480040e+09   0.00e+00  2.94e+03    1.000000e+00
   4 2.7233220640e-07  -9.70e-09  2.94e-01    5.370080e-08

After 4 iterations the fit converged.
final sum of squares of residuals : 2.72332e-07
rel. change during last iteration : -9.70023e-14

degrees of freedom    (FIT_NDF)                        : 798
rms of residuals      (FIT_STDFIT) = sqrt(WSSR/ndf)    : 1.84735e-05
variance of residuals (reduced chisquare) = WSSR/ndf   : 3.41268e-10

Final set of parameters            Asymptotic Standard Error
=======================            ==========================
a               = 5.37008e-08      +/- 2.226e-10    (0.4145%)


*******************************************************************************
Fri Jan 12 17:01:24 2024


FIT:    data read from 'tempstri.dat' u 1:3
        format = x:z
        #datapoints = 799
        residuals are weighted equally (unit weight)

function used for fitting: g(x)
	g(x) = b * x * log(x)
fitted parameters initialized with current variable values

iter      chisq       delta/lim  lambda   b            
   0 6.8891481804e+09   0.00e+00  2.94e+03    1.000000e+00
   4 3.0050904455e-07  -8.77e-09  2.94e-01    4.089693e-08

After 4 iterations the fit converged.
final sum of squares of residuals : 3.00509e-07
rel. change during last iteration : -8.77308e-14

degrees of freedom    (FIT_NDF)                        : 798
rms of residuals      (FIT_STDFIT) = sqrt(WSSR/ndf)    : 1.94056e-05
variance of residuals (reduced chisquare) = WSSR/ndf   : 3.76578e-10

Final set of parameters            Asymptotic Standard Error
=======================            ==========================
b               = 4.08969e-08      +/- 2.338e-10    (0.5717%)


*******************************************************************************
Fri Jan 12 17:01:24 2024


FIT:    data read from 'tempstri.dat' u 1:4
        format = x:z
        #datapoints = 799
        residuals are weighted equally (unit weight)

function used for fitting: s(x)
	s(x) = e * x * log(x)
fitted parameters initialized with current variable values

iter      chisq       delta/lim  lambda   e            
   0 6.8891482012e+09   0.00e+00  2.94e+03    1.000000e+00
   4 5.6380978107e-07  -4.69e-09  2.94e-01    3.938984e-08

After 4 iterations the fit converged.
final sum of squares of residuals : 5.6381e-07
rel. change during last iteration : -4.69481e-14

degrees of freedom    (FIT_NDF)                        : 798
rms of residuals      (FIT_STDFIT) = sqrt(WSSR/ndf)    : 2.65806e-05
variance of residuals (reduced chisquare) = WSSR/ndf   : 7.06529e-10

Final set of parameters            Asymptotic Standard Error
=======================            ==========================
e               = 3.93898e-08      +/- 3.202e-10    (0.813%)


*******************************************************************************
Fri Jan 12 17:13:24 2024


FIT:    data read from 'temps_hash_dico.dat' u 1:2
        format = x:z
        #datapoints = 101
        residuals are weighted equally (unit weight)

function used for fitting: f(x)
	f(x) = a * (x) + b
fitted parameters initialized with current variable values

iter      chisq       delta/lim  lambda   a             b            
   0 3.5630639928e+12   0.00e+00  1.33e+05    1.000000e+00   1.000000e+00
   8 1.3183167032e-01  -3.11e-02  1.33e-03    1.104538e-04  -3.545239e-02

After 8 iterations the fit converged.
final sum of squares of residuals : 0.131832
rel. change during last iteration : -3.1137e-07

degrees of freedom    (FIT_NDF)                        : 99
rms of residuals      (FIT_STDFIT) = sqrt(WSSR/ndf)    : 0.0364915
variance of residuals (reduced chisquare) = WSSR/ndf   : 0.00133163

Final set of parameters            Asymptotic Standard Error
=======================            ==========================
a               = 0.000110454      +/- 3.838e-08    (0.03475%)
b               = -0.0354524       +/- 0.007209     (20.34%)

correlation matrix of the fit parameters:
                a      b      
a               1.000 
b              -0.864  1.000 


*******************************************************************************
Fri Jan 12 17:13:25 2024


FIT:    data read from 'temps_hash_dico.dat' u 1:3
        format = x:z
        #datapoints = 101
        residuals are weighted equally (unit weight)

function used for fitting: g(x)
	g(x) = c * (x) + d
fitted parameters initialized with current variable values

iter      chisq       delta/lim  lambda   c             d            
   0 3.5638210067e+12   0.00e+00  1.33e+05    1.000000e+00   1.000000e+00
   8 7.2330860660e-01  -1.09e-03  1.33e-03    1.566246e-06   5.458988e-01

After 8 iterations the fit converged.
final sum of squares of residuals : 0.723309
rel. change during last iteration : -1.09147e-08

degrees of freedom    (FIT_NDF)                        : 99
rms of residuals      (FIT_STDFIT) = sqrt(WSSR/ndf)    : 0.085476
variance of residuals (reduced chisquare) = WSSR/ndf   : 0.00730615

Final set of parameters            Asymptotic Standard Error
=======================            ==========================
c               = 1.56625e-06      +/- 8.99e-08     (5.74%)
d               = 0.545899         +/- 0.01689      (3.093%)

correlation matrix of the fit parameters:
                c      d      
c               1.000 
d              -0.864  1.000 


*******************************************************************************
Fri Jan 12 17:16:52 2024


FIT:    data read from 'temps_hash_dico.dat' u 1:2
        format = x:z
        #datapoints = 101
        residuals are weighted equally (unit weight)

function used for fitting: f(x)
	f(x) = a * (x) + b
fitted parameters initialized with current variable values

iter      chisq       delta/lim  lambda   a             b            
   0 3.5630639928e+12   0.00e+00  1.33e+05    1.000000e+00   1.000000e+00
   8 1.3183167032e-01  -3.11e-02  1.33e-03    1.104538e-04  -3.545239e-02

After 8 iterations the fit converged.
final sum of squares of residuals : 0.131832
rel. change during last iteration : -3.1137e-07

degrees of freedom    (FIT_NDF)                        : 99
rms of residuals      (FIT_STDFIT) = sqrt(WSSR/ndf)    : 0.0364915
variance of residuals (reduced chisquare) = WSSR/ndf   : 0.00133163

Final set of parameters            Asymptotic Standard Error
=======================            ==========================
a               = 0.000110454      +/- 3.838e-08    (0.03475%)
b               = -0.0354524       +/- 0.007209     (20.34%)

correlation matrix of the fit parameters:
                a      b      
a               1.000 
b              -0.864  1.000 


*******************************************************************************
Fri Jan 12 17:16:53 2024


FIT:    data read from 'temps_hash_dico.dat' u 1:3
        format = x:z
        #datapoints = 101
        residuals are weighted equally (unit weight)

function used for fitting: g(x)
	g(x) = c * (x) + d
fitted parameters initialized with current variable values

iter      chisq       delta/lim  lambda   c             d            
   0 3.5638234920e+12   0.00e+00  1.33e+05    1.000000e+00   1.000000e+00
   8 2.6348037486e-01  -3.99e-03  1.33e-03    1.539383e-06   4.759254e-01

After 8 iterations the fit converged.
final sum of squares of residuals : 0.26348
rel. change during last iteration : -3.99089e-08

degrees of freedom    (FIT_NDF)                        : 99
rms of residuals      (FIT_STDFIT) = sqrt(WSSR/ndf)    : 0.0515889
variance of residuals (reduced chisquare) = WSSR/ndf   : 0.00266142

Final set of parameters            Asymptotic Standard Error
=======================            ==========================
c               = 1.53938e-06      +/- 5.426e-08    (3.525%)
d               = 0.475925         +/- 0.01019      (2.142%)

correlation matrix of the fit parameters:
                c      d      
c               1.000 
d              -0.864  1.000 


*******************************************************************************
Fri Jan 12 17:19:25 2024


FIT:    data read from 'temps_hash_dico.dat' u 1:2
        format = x:z
        #datapoints = 101
        residuals are weighted equally (unit weight)

function used for fitting: f(x)
	f(x) = a * (x) + b
fitted parameters initialized with current variable values

iter      chisq       delta/lim  lambda   a             b            
   0 3.5630639928e+12   0.00e+00  1.33e+05    1.000000e+00   1.000000e+00
   8 1.3183167032e-01  -3.11e-02  1.33e-03    1.104538e-04  -3.545239e-02

After 8 iterations the fit converged.
final sum of squares of residuals : 0.131832
rel. change during last iteration : -3.1137e-07

degrees of freedom    (FIT_NDF)                        : 99
rms of residuals      (FIT_STDFIT) = sqrt(WSSR/ndf)    : 0.0364915
variance of residuals (reduced chisquare) = WSSR/ndf   : 0.00133163

Final set of parameters            Asymptotic Standard Error
=======================            ==========================
a               = 0.000110454      +/- 3.838e-08    (0.03475%)
b               = -0.0354524       +/- 0.007209     (20.34%)

correlation matrix of the fit parameters:
                a      b      
a               1.000 
b              -0.864  1.000 


*******************************************************************************
Fri Jan 12 17:19:25 2024


FIT:    data read from 'temps_hash_dico.dat' u 1:3
        format = x:z
        #datapoints = 101
        residuals are weighted equally (unit weight)

function used for fitting: g(x)
	g(x) = c * (x) + d
fitted parameters initialized with current variable values

iter      chisq       delta/lim  lambda   c             d            
   0 3.5638212770e+12   0.00e+00  1.33e+05    1.000000e+00   1.000000e+00
   8 1.0423390664e+00  -1.02e-03  1.33e-03    1.866869e-06   4.722893e-01

After 8 iterations the fit converged.
final sum of squares of residuals : 1.04234
rel. change during last iteration : -1.02286e-08

degrees of freedom    (FIT_NDF)                        : 99
rms of residuals      (FIT_STDFIT) = sqrt(WSSR/ndf)    : 0.102609
variance of residuals (reduced chisquare) = WSSR/ndf   : 0.0105287

Final set of parameters            Asymptotic Standard Error
=======================            ==========================
c               = 1.86687e-06      +/- 1.079e-07    (5.781%)
d               = 0.472289         +/- 0.02027      (4.292%)

correlation matrix of the fit parameters:
                c      d      
c               1.000 
d              -0.864  1.000 


*******************************************************************************
Fri Jan 12 17:42:06 2024


FIT:    data read from 'temps_hash_dico.dat' u 1:2
        format = x:z
        #datapoints = 101
        residuals are weighted equally (unit weight)

function used for fitting: f(x)
	f(x) = a * (x) + b
fitted parameters initialized with current variable values

iter      chisq       delta/lim  lambda   a             b            
   0 3.5360506327e+12   0.00e+00  1.33e+05    1.000000e+00   1.000000e+00
   8 5.1582924214e+02  -6.19e-05  1.33e-03    3.916534e-03  -1.888050e+00

After 8 iterations the fit converged.
final sum of squares of residuals : 515.829
rel. change during last iteration : -6.19075e-10

degrees of freedom    (FIT_NDF)                        : 99
rms of residuals      (FIT_STDFIT) = sqrt(WSSR/ndf)    : 2.28263
variance of residuals (reduced chisquare) = WSSR/ndf   : 5.2104

Final set of parameters            Asymptotic Standard Error
=======================            ==========================
a               = 0.00391653       +/- 2.401e-06    (0.0613%)
b               = -1.88805         +/- 0.451        (23.89%)

correlation matrix of the fit parameters:
                a      b      
a               1.000 
b              -0.864  1.000 


*******************************************************************************
Fri Jan 12 17:42:07 2024


FIT:    data read from 'temps_hash_dico.dat' u 1:3
        format = x:z
        #datapoints = 101
        residuals are weighted equally (unit weight)

function used for fitting: g(x)
	g(x) = c * (x) + d
fitted parameters initialized with current variable values

iter      chisq       delta/lim  lambda   c             d            
   0 3.5638330096e+12   0.00e+00  1.33e+05    1.000000e+00   1.000000e+00
   8 1.6946714585e+00  -2.80e-04  1.33e-03   -5.860488e-07   6.477236e-01

After 8 iterations the fit converged.
final sum of squares of residuals : 1.69467
rel. change during last iteration : -2.80356e-09

degrees of freedom    (FIT_NDF)                        : 99
rms of residuals      (FIT_STDFIT) = sqrt(WSSR/ndf)    : 0.130835
variance of residuals (reduced chisquare) = WSSR/ndf   : 0.0171179

Final set of parameters            Asymptotic Standard Error
=======================            ==========================
c               = -5.86049e-07     +/- 1.376e-07    (23.48%)
d               = 0.647724         +/- 0.02585      (3.991%)

correlation matrix of the fit parameters:
                c      d      
c               1.000 
d              -0.864  1.000 


*******************************************************************************
Fri Jan 12 17:54:50 2024


FIT:    data read from 'temps_trie_dico.dat' u 1:2
        format = x:z
        #datapoints = 101
        residuals are weighted equally (unit weight)

function used for fitting: f(x)
	f(x) = a * (x) + b
fitted parameters initialized with current variable values

iter      chisq       delta/lim  lambda   a             b            
   0 3.5360506327e+12   0.00e+00  1.33e+05    1.000000e+00   1.000000e+00
   8 5.1582924214e+02  -6.19e-05  1.33e-03    3.916534e-03  -1.888050e+00

After 8 iterations the fit converged.
final sum of squares of residuals : 515.829
rel. change during last iteration : -6.19075e-10

degrees of freedom    (FIT_NDF)                        : 99
rms of residuals      (FIT_STDFIT) = sqrt(WSSR/ndf)    : 2.28263
variance of residuals (reduced chisquare) = WSSR/ndf   : 5.2104

Final set of parameters            Asymptotic Standard Error
=======================            ==========================
a               = 0.00391653       +/- 2.401e-06    (0.0613%)
b               = -1.88805         +/- 0.451        (23.89%)

correlation matrix of the fit parameters:
                a      b      
a               1.000 
b              -0.864  1.000 


*******************************************************************************
Fri Jan 12 17:54:50 2024


FIT:    data read from 'temps_trie_dico.dat' u 1:3
        format = x:z
        #datapoints = 101
        residuals are weighted equally (unit weight)

function used for fitting: g(x)
	g(x) = c * (x) + d
fitted parameters initialized with current variable values

iter      chisq       delta/lim  lambda   c             d            
   0 3.5638377843e+12   0.00e+00  1.33e+05    1.000000e+00   1.000000e+00
   8 6.6975959453e-03  -2.13e-01  1.33e-03   -7.140254e-08   3.901676e-01

After 8 iterations the fit converged.
final sum of squares of residuals : 0.0066976
rel. change during last iteration : -2.12586e-06

degrees of freedom    (FIT_NDF)                        : 99
rms of residuals      (FIT_STDFIT) = sqrt(WSSR/ndf)    : 0.00822511
variance of residuals (reduced chisquare) = WSSR/ndf   : 6.76525e-05

Final set of parameters            Asymptotic Standard Error
=======================            ==========================
c               = -7.14025e-08     +/- 8.651e-09    (12.12%)
d               = 0.390168         +/- 0.001625     (0.4165%)

correlation matrix of the fit parameters:
                c      d      
c               1.000 
d              -0.864  1.000 


*******************************************************************************
Fri Jan 12 18:06:56 2024


FIT:    data read from 'temps_trie_dico.dat' u 1:2
        format = x:z
        #datapoints = 10
        residuals are weighted equally (unit weight)

function used for fitting: f(x)
	f(x) = a * (x) + b
fitted parameters initialized with current variable values

iter      chisq       delta/lim  lambda   a             b            
   0 4.0232070480e+11   0.00e+00  1.42e+05    1.000000e+00   1.000000e+00
   8 5.9925600864e+01  -8.70e-01  1.42e-03    3.919734e-03  -2.460132e+00

After 8 iterations the fit converged.
final sum of squares of residuals : 59.9256
rel. change during last iteration : -8.70181e-06

degrees of freedom    (FIT_NDF)                        : 8
rms of residuals      (FIT_STDFIT) = sqrt(WSSR/ndf)    : 2.73691
variance of residuals (reduced chisquare) = WSSR/ndf   : 7.4907

Final set of parameters            Asymptotic Standard Error
=======================            ==========================
a               = 0.00391973       +/- 9.285e-06    (0.2369%)
b               = -2.46013         +/- 1.87         (76%)

correlation matrix of the fit parameters:
                a      b      
a               1.000 
b              -0.886  1.000 


*******************************************************************************
Fri Jan 12 18:06:56 2024


FIT:    data read from 'temps_trie_dico.dat' u 1:3
        format = x:z
        #datapoints = 10
        residuals are weighted equally (unit weight)

function used for fitting: g(x)
	g(x) = c * (x) + d
fitted parameters initialized with current variable values

iter      chisq       delta/lim  lambda   c             d            
   0 4.0548313935e+11   0.00e+00  1.42e+05    1.000000e+00   1.000000e+00
   9 5.1742648995e-04  -2.84e-05  1.42e-04   -2.559935e-08   3.856525e-01

After 9 iterations the fit converged.
final sum of squares of residuals : 0.000517426
rel. change during last iteration : -2.8433e-10

degrees of freedom    (FIT_NDF)                        : 8
rms of residuals      (FIT_STDFIT) = sqrt(WSSR/ndf)    : 0.00804228
variance of residuals (reduced chisquare) = WSSR/ndf   : 6.46783e-05

Final set of parameters            Asymptotic Standard Error
=======================            ==========================
c               = -2.55994e-08     +/- 2.728e-08    (106.6%)
d               = 0.385652         +/- 0.005494     (1.425%)

correlation matrix of the fit parameters:
                c      d      
c               1.000 
d              -0.886  1.000 


*******************************************************************************
Fri Jan 12 18:17:20 2024


FIT:    data read from 'temps_trie_dico.dat' u 1:2
        format = x:z
        #datapoints = 101
        residuals are weighted equally (unit weight)

function used for fitting: f(x)
	f(x) = a * (x) + b
fitted parameters initialized with current variable values

iter      chisq       delta/lim  lambda   a             b            
   0 3.5361227945e+12   0.00e+00  1.33e+05    1.000000e+00   1.000000e+00
   8 5.1994287202e+02  -6.15e-05  1.33e-03    3.906376e-03  -1.889502e+00

After 8 iterations the fit converged.
final sum of squares of residuals : 519.943
rel. change during last iteration : -6.14798e-10

degrees of freedom    (FIT_NDF)                        : 99
rms of residuals      (FIT_STDFIT) = sqrt(WSSR/ndf)    : 2.29171
variance of residuals (reduced chisquare) = WSSR/ndf   : 5.25195

Final set of parameters            Asymptotic Standard Error
=======================            ==========================
a               = 0.00390638       +/- 2.41e-06     (0.0617%)
b               = -1.8895          +/- 0.4528       (23.96%)

correlation matrix of the fit parameters:
                a      b      
a               1.000 
b              -0.864  1.000 


*******************************************************************************
Fri Jan 12 18:17:20 2024


FIT:    data read from 'temps_trie_dico.dat' u 1:3
        format = x:z
        #datapoints = 101
        residuals are weighted equally (unit weight)

function used for fitting: g(x)
	g(x) = c * (x) + d
fitted parameters initialized with current variable values

iter      chisq       delta/lim  lambda   c             d            
   0 3.5638370600e+12   0.00e+00  1.33e+05    1.000000e+00   1.000000e+00
   8 1.7936853437e-01  -7.90e-03  1.33e-03    2.383575e-08   3.915539e-01

After 8 iterations the fit converged.
final sum of squares of residuals : 0.179369
rel. change during last iteration : -7.90189e-08

degrees of freedom    (FIT_NDF)                        : 99
rms of residuals      (FIT_STDFIT) = sqrt(WSSR/ndf)    : 0.0425653
variance of residuals (reduced chisquare) = WSSR/ndf   : 0.0018118

Final set of parameters            Asymptotic Standard Error
=======================            ==========================
c               = 2.38358e-08      +/- 4.477e-08    (187.8%)
d               = 0.391554         +/- 0.008409     (2.148%)

correlation matrix of the fit parameters:
                c      d      
c               1.000 
d              -0.864  1.000 


*******************************************************************************
Fri Jan 12 18:21:41 2024


FIT:    data read from 'temps_trie_dico.dat' u 1:2
        format = x:z
        #datapoints = 101
        residuals are weighted equally (unit weight)

function used for fitting: f(x)
	f(x) = a * (x) + b
fitted parameters initialized with current variable values

iter      chisq       delta/lim  lambda   a             b            
   0 3.5361227945e+12   0.00e+00  1.33e+05    1.000000e+00   1.000000e+00
   8 5.1994287202e+02  -6.15e-05  1.33e-03    3.906376e-03  -1.889502e+00

After 8 iterations the fit converged.
final sum of squares of residuals : 519.943
rel. change during last iteration : -6.14798e-10

degrees of freedom    (FIT_NDF)                        : 99
rms of residuals      (FIT_STDFIT) = sqrt(WSSR/ndf)    : 2.29171
variance of residuals (reduced chisquare) = WSSR/ndf   : 5.25195

Final set of parameters            Asymptotic Standard Error
=======================            ==========================
a               = 0.00390638       +/- 2.41e-06     (0.0617%)
b               = -1.8895          +/- 0.4528       (23.96%)

correlation matrix of the fit parameters:
                a      b      
a               1.000 
b              -0.864  1.000 


*******************************************************************************
Fri Jan 12 18:21:42 2024


FIT:    data read from 'temps_trie_dico.dat' u 1:3
        format = x:z
        #datapoints = 101
        residuals are weighted equally (unit weight)

function used for fitting: g(x)
	g(x) = c * (x) + d
fitted parameters initialized with current variable values

iter      chisq       delta/lim  lambda   c             d            
   0 3.5638376108e+12   0.00e+00  1.33e+05    1.000000e+00   1.000000e+00
   8 2.0553327641e-02  -6.68e-02  1.33e-03   -9.849242e-08   4.013487e-01

After 8 iterations the fit converged.
final sum of squares of residuals : 0.0205533
rel. change during last iteration : -6.67573e-07

degrees of freedom    (FIT_NDF)                        : 99
rms of residuals      (FIT_STDFIT) = sqrt(WSSR/ndf)    : 0.0144087
variance of residuals (reduced chisquare) = WSSR/ndf   : 0.000207609

Final set of parameters            Asymptotic Standard Error
=======================            ==========================
c               = -9.84924e-08     +/- 1.515e-08    (15.39%)
d               = 0.401349         +/- 0.002847     (0.7093%)

correlation matrix of the fit parameters:
                c      d      
c               1.000 
d              -0.864  1.000 


*******************************************************************************
Fri Jan 12 18:30:10 2024


FIT:    data read from 'temps_hash_dico.dat' u 1:2
        format = x:z
        #datapoints = 10
        residuals are weighted equally (unit weight)

function used for fitting: f(x)
	f(x) = a * (x) + b
fitted parameters initialized with current variable values

iter      chisq       delta/lim  lambda   a             b            
   0 4.0546044348e+11   0.00e+00  1.42e+05    1.000000e+00   1.000000e+00
   9 1.2722538492e-03  -1.15e-06  1.42e-04    2.611151e-05   8.058172e-01

After 9 iterations the fit converged.
final sum of squares of residuals : 0.00127225
rel. change during last iteration : -1.15121e-11

degrees of freedom    (FIT_NDF)                        : 8
rms of residuals      (FIT_STDFIT) = sqrt(WSSR/ndf)    : 0.0126108
variance of residuals (reduced chisquare) = WSSR/ndf   : 0.000159032

Final set of parameters            Asymptotic Standard Error
=======================            ==========================
a               = 2.61115e-05      +/- 4.278e-08    (0.1638%)
b               = 0.805817         +/- 0.008615     (1.069%)

correlation matrix of the fit parameters:
                a      b      
a               1.000 
b              -0.886  1.000 


*******************************************************************************
Fri Jan 12 18:30:10 2024


FIT:    data read from 'temps_hash_dico.dat' u 1:3
        format = x:z
        #datapoints = 10
        residuals are weighted equally (unit weight)

function used for fitting: g(x)
	g(x) = c * (x) + d
fitted parameters initialized with current variable values

iter      chisq       delta/lim  lambda   c             d            
   0 4.0542127602e+11   0.00e+00  1.42e+05    1.000000e+00   1.000000e+00
   4 8.9824234643e+00  -1.20e-01  1.42e+01    7.355675e-05   9.999791e-01

After 4 iterations the fit converged.
final sum of squares of residuals : 8.98242
rel. change during last iteration : -1.20041e-06

degrees of freedom    (FIT_NDF)                        : 8
rms of residuals      (FIT_STDFIT) = sqrt(WSSR/ndf)    : 1.05962
variance of residuals (reduced chisquare) = WSSR/ndf   : 1.1228

Final set of parameters            Asymptotic Standard Error
=======================            ==========================
c               = 7.35568e-05      +/- 3.595e-06    (4.887%)
d               = 0.999979         +/- 0.7239       (72.39%)

correlation matrix of the fit parameters:
                c      d      
c               1.000 
d              -0.886  1.000 


*******************************************************************************
Fri Jan 12 18:35:12 2024


FIT:    data read from 'temps_hash_dico.dat' u 1:2
        format = x:z
        #datapoints = 10
        residuals are weighted equally (unit weight)

function used for fitting: f(x)
	f(x) = a * (x) + b
fitted parameters initialized with current variable values

iter      chisq       delta/lim  lambda   a             b            
   0 4.0546044348e+11   0.00e+00  1.42e+05    1.000000e+00   1.000000e+00
   9 1.2722538492e-03  -1.15e-06  1.42e-04    2.611151e-05   8.058172e-01

After 9 iterations the fit converged.
final sum of squares of residuals : 0.00127225
rel. change during last iteration : -1.15121e-11

degrees of freedom    (FIT_NDF)                        : 8
rms of residuals      (FIT_STDFIT) = sqrt(WSSR/ndf)    : 0.0126108
variance of residuals (reduced chisquare) = WSSR/ndf   : 0.000159032

Final set of parameters            Asymptotic Standard Error
=======================            ==========================
a               = 2.61115e-05      +/- 4.278e-08    (0.1638%)
b               = 0.805817         +/- 0.008615     (1.069%)

correlation matrix of the fit parameters:
                a      b      
a               1.000 
b              -0.886  1.000 


*******************************************************************************
Fri Jan 12 18:35:12 2024


FIT:    data read from 'temps_hash_dico.dat' u 1:3
        format = x:z
        #datapoints = 10
        residuals are weighted equally (unit weight)

function used for fitting: g(x)
	g(x) = c * (x) + d
fitted parameters initialized with current variable values

iter      chisq       delta/lim  lambda   c             d            
   0 4.0542381525e+11   0.00e+00  1.42e+05    1.000000e+00   1.000000e+00
   4 1.7691376899e+01  -5.36e-01  1.42e+01    7.042555e-05   9.999467e-01

After 4 iterations the fit converged.
final sum of squares of residuals : 17.6914
rel. change during last iteration : -5.36429e-06

degrees of freedom    (FIT_NDF)                        : 8
rms of residuals      (FIT_STDFIT) = sqrt(WSSR/ndf)    : 1.48709
variance of residuals (reduced chisquare) = WSSR/ndf   : 2.21142

Final set of parameters            Asymptotic Standard Error
=======================            ==========================
c               = 7.04256e-05      +/- 5.045e-06    (7.163%)
d               = 0.999947         +/- 1.016        (101.6%)

correlation matrix of the fit parameters:
                c      d      
c               1.000 
d              -0.886  1.000 
