

*******************************************************************************
Fri Jan 12 20:07:16 2024


FIT:    data read from 'temps_dumb_dico.dat' u 1:2
        format = x:z
        #datapoints = 101
        residuals are weighted equally (unit weight)

function used for fitting: f(x)
	f(x) = a * (x) + b
fitted parameters initialized with current variable values

iter      chisq       delta/lim  lambda   a             b            
   0 3.5630639928e+12   0.00e+00  1.33e+05    1.000000e+00   1.000000e+00
   8 1.3183167032e-01  -3.11e-02  1.33e-03    1.104538e-04  -3.545239e-02

After 8 iterations the fit converged.
final sum of squares of residuals : 0.131832
rel. change during last iteration : -3.1137e-07

degrees of freedom    (FIT_NDF)                        : 99
rms of residuals      (FIT_STDFIT) = sqrt(WSSR/ndf)    : 0.0364915
variance of residuals (reduced chisquare) = WSSR/ndf   : 0.00133163

Final set of parameters            Asymptotic Standard Error
=======================            ==========================
a               = 0.000110454      +/- 3.838e-08    (0.03475%)
b               = -0.0354524       +/- 0.007209     (20.34%)

correlation matrix of the fit parameters:
                a      b      
a               1.000 
b              -0.864  1.000 


*******************************************************************************
Fri Jan 12 20:07:16 2024


FIT:    data read from 'temps_dumb_dico.dat' u 1:3
        format = x:z
        #datapoints = 101
        residuals are weighted equally (unit weight)

function used for fitting: g(x)
	g(x) = c * (x) + d
fitted parameters initialized with current variable values

iter      chisq       delta/lim  lambda   c             d            
   0 3.5638227598e+12   0.00e+00  1.33e+05    1.000000e+00   1.000000e+00
   8 1.1526810489e+00  -1.16e-03  1.33e-03    1.954576e-06   4.079842e-01

After 8 iterations the fit converged.
final sum of squares of residuals : 1.15268
rel. change during last iteration : -1.1641e-08

degrees of freedom    (FIT_NDF)                        : 99
rms of residuals      (FIT_STDFIT) = sqrt(WSSR/ndf)    : 0.107904
variance of residuals (reduced chisquare) = WSSR/ndf   : 0.0116432

Final set of parameters            Asymptotic Standard Error
=======================            ==========================
c               = 1.95458e-06      +/- 1.135e-07    (5.806%)
d               = 0.407984         +/- 0.02132      (5.225%)

correlation matrix of the fit parameters:
                c      d      
c               1.000 
d              -0.864  1.000 
